Arguments: 
  /Users/truong.doshi/.nvm/versions/node/v14.16.0/bin/node /Users/truong.doshi/.nvm/versions/node/v14.16.0/bin/yarn add express bcrypjs cors

PATH: 
  /Users/truong.doshi/.nvm/versions/node/v14.16.0/bin:/usr/local/bin:/usr/bin:/bin:/usr/sbin:/sbin:/Library/Apple/usr/bin:/Users/truong.doshi/.nvm/versions/node/v14.16.0/bin:/Users/truong.doshi/.cargo/bin:/Users/truong.doshi/Library/Android/sdk/emulator:/Users/truong.doshi/Library/Android/sdk/tools:/Users/truong.doshi/Library/Android/sdk/tools/bin:/Users/truong.doshi/Library/Android/sdk/platform-tools:/Users/truong.doshi/Library/Android/sdk/emulator:/Users/truong.doshi/Library/Android/sdk/tools:/Users/truong.doshi/Library/Android/sdk/tools/bin:/Users/truong.doshi/Library/Android/sdk/platform-tools

Yarn version: 
  1.22.10

Node version: 
  14.16.0

Platform: 
  darwin x64

Trace: 
  Error: https://registry.yarnpkg.com/bcrypjs: Not found
      at Request.params.callback [as _callback] (/Users/truong.doshi/.nvm/versions/node/v14.16.0/lib/node_modules/yarn/lib/cli.js:66988:18)
      at Request.self.callback (/Users/truong.doshi/.nvm/versions/node/v14.16.0/lib/node_modules/yarn/lib/cli.js:140662:22)
      at Request.emit (events.js:315:20)
      at Request.<anonymous> (/Users/truong.doshi/.nvm/versions/node/v14.16.0/lib/node_modules/yarn/lib/cli.js:141634:10)
      at Request.emit (events.js:315:20)
      at IncomingMessage.<anonymous> (/Users/truong.doshi/.nvm/versions/node/v14.16.0/lib/node_modules/yarn/lib/cli.js:141556:12)
      at Object.onceWrapper (events.js:421:28)
      at IncomingMessage.emit (events.js:327:22)
      at endReadableNT (internal/streams/readable.js:1327:12)
      at processTicksAndRejections (internal/process/task_queues.js:80:21)

npm manifest: 
  {
    "name": "api",
    "version": "1.0.0",
    "description": "",
    "main": "index.js",
    "scripts": {
      "test": "echo \"Error: no test specified\" && exit 1"
    },
    "keywords": [],
    "author": "",
    "license": "ISC"
  }

yarn manifest: 
  No manifest

Lockfile: 
  # THIS IS AN AUTOGENERATED FILE. DO NOT EDIT THIS FILE DIRECTLY.
  # yarn lockfile v1
